2024-10-04 10:39:54 [info]: Trading bot running on port 6001
2024-10-04 10:42:50 [info]: Trading bot running on port 6001
2024-10-04 10:43:40 [info]: Trading bot running on port 6001
2024-10-04 10:45:16 [info]: Trading bot running on port 6001
2024-10-04 10:51:20 [info]: Trading bot running on port 6001
2024-10-04 10:54:21 [info]: Trading bot running on port 6001
2024-10-04 10:56:22 [info]: Trading bot running on port 6001
2024-10-04 10:56:46 [info]: Trading bot running on port 6001
2024-10-04 10:56:50 [info]: Trading bot running on port 6001
2024-10-04 10:56:59 [info]: Trading bot running on port 6001
2024-10-04 10:57:01 [info]: Trading bot running on port 6001
2024-10-04 10:57:07 [info]: Trading bot running on port 6001
2024-10-04 10:57:22 [info]: Trading bot running on port 6001
2024-10-04 10:57:30 [info]: Trading bot running on port 6001
2024-10-04 10:57:34 [info]: Trading bot running on port 6001
2024-10-04 10:58:19 [info]: Trading bot running on port 6001
2024-10-04 10:58:23 [info]: Trading bot running on port 6001
2024-10-04 10:58:26 [info]: Trading bot running on port 6001
2024-10-04 10:58:35 [info]: Trading bot running on port 6001
2024-10-04 10:58:40 [info]: Trading bot running on port 6001
2024-10-04 10:58:46 [info]: Trading bot running on port 6001
2024-10-04 10:58:50 [info]: Trading bot running on port 6001
2024-10-04 10:58:57 [info]: Trading bot running on port 6001
2024-10-04 10:59:02 [info]: Trading bot running on port 6001
2024-10-04 10:59:06 [info]: Trading bot running on port 6001
2024-10-04 10:59:11 [info]: Trading bot running on port 6001
2024-10-04 11:01:28 [info]: Starting trade execution
2024-10-04 11:01:28 [info]: Trading executed successfully
2024-10-04 11:12:44 [info]: Generating profit/loss report
2024-10-04 11:12:44 [info]: Profit/loss report generated successfully
2024-10-04 11:43:30 [info]: Starting trade execution
2024-10-04 11:43:30 [info]: Trading executed successfully
2024-10-04 11:44:18 [info]: Generating profit/loss report
2024-10-04 11:44:18 [info]: Profit/loss report generated successfully
2024-10-04 11:49:47 [info]: Starting trade execution
2024-10-04 11:49:47 [info]: Trading executed successfully
2024-10-04 11:49:58 [info]: Starting trade execution
2024-10-04 11:49:58 [info]: Trading executed successfully
2024-10-04 11:50:00 [info]: Starting trade execution
2024-10-04 11:50:00 [info]: Trading executed successfully
2024-10-04 11:50:02 [info]: Starting trade execution
2024-10-04 11:50:02 [info]: Trading executed successfully
2024-10-04 11:50:04 [info]: Starting trade execution
2024-10-04 11:50:04 [info]: Trading executed successfully
2024-10-04 11:50:06 [info]: Starting trade execution
2024-10-04 11:50:06 [info]: Trading executed successfully
2024-10-04 11:50:08 [info]: Starting trade execution
2024-10-04 11:50:08 [info]: Trading executed successfully
2024-10-04 11:50:11 [info]: Starting trade execution
2024-10-04 11:50:11 [info]: Trading executed successfully
2024-10-04 11:50:23 [info]: Generating profit/loss report
2024-10-04 11:50:23 [info]: Profit/loss report generated successfully
2024-10-04 11:58:15 [info]: Trading bot running on port 6001
2024-10-04 11:58:47 [info]: Starting trade execution
2024-10-04 11:58:47 [info]: Last Price: 107, Previous Price: 103, Price Change: 3.88%
2024-10-04 11:58:47 [info]: Trading executed successfully
2024-10-04 12:01:27 [info]: Trading bot running on port 6001
2024-10-04 12:02:18 [info]: Starting trade execution
2024-10-04 12:02:18 [info]: Last Price: 107, Previous Price: 103, Price Change: 3.88%
2024-10-04 12:02:18 [info]: Current Holdings: 0
2024-10-04 12:02:18 [info]: Trading executed successfully
2024-10-04 12:05:34 [info]: Trading bot running on port 6001
2024-10-04 12:06:01 [info]: Starting trade execution
2024-10-04 12:06:01 [info]: Last Price: 102, Previous Price: 103, Price Change: -0.97%
2024-10-04 12:06:01 [info]: Current Holdings: 0
2024-10-04 12:06:01 [info]: Trading executed successfully
2024-10-04 12:07:44 [info]: Generating profit/loss report
2024-10-04 12:07:44 [info]: Profit/loss report generated successfully
2024-10-04 12:08:50 [info]: Trading bot running on port 6001
2024-10-04 12:08:55 [info]: Starting trade execution
2024-10-04 12:08:55 [info]: Last Price: 100, Previous Price: 102, Price Change: -1.96%
2024-10-04 12:08:55 [info]: Current Holdings: 0
2024-10-04 12:08:55 [info]: Trading executed successfully
2024-10-04 12:24:36 [info]: Starting trade execution
2024-10-04 12:24:36 [info]: Last Price: 100, Previous Price: 102, Price Change: -1.96%
2024-10-04 12:24:36 [info]: Current Holdings: 0
2024-10-04 12:24:36 [info]: Trading executed successfully
2024-10-04 12:25:37 [info]: Trading bot running on port 6001
2024-10-04 12:26:00 [info]: Starting trade execution
2024-10-04 12:26:01 [info]: Last Price: 99.96, Previous Price: 102, Price Change: -2.00%
2024-10-04 12:26:01 [info]: Current Holdings: 0
2024-10-04 12:26:01 [info]: Bought 100 shares at price $99.96
2024-10-04 12:26:01 [info]: Trading executed successfully
2024-10-04 12:27:03 [info]: Generating profit/loss report
2024-10-04 12:27:03 [info]: Profit/loss report generated successfully
2024-10-04 12:31:55 [info]: Trading bot running on port 6001
2024-10-04 12:31:57 [info]: Trading bot running on port 6001
2024-10-04 12:35:15 [info]: Starting trade execution
2024-10-04 12:35:15 [info]: Last Price: 111.21, Previous Price: 113.25, Price Change: -1.80%
2024-10-04 12:35:15 [info]: Current Holdings: 0
2024-10-04 12:35:15 [info]: Trading executed successfully
2024-10-04 12:35:40 [info]: Starting trade execution
2024-10-04 12:35:40 [info]: Last Price: 120.8, Previous Price: 115.54, Price Change: 4.55%
2024-10-04 12:35:40 [info]: Current Holdings: 0
2024-10-04 12:35:40 [info]: Trading executed successfully
2024-10-04 12:36:00 [info]: Starting trade execution
2024-10-04 12:36:00 [info]: Last Price: 103.08, Previous Price: 104.29, Price Change: -1.16%
2024-10-04 12:36:00 [info]: Current Holdings: 0
2024-10-04 12:36:00 [info]: Trading executed successfully
2024-10-04 12:36:14 [info]: Starting trade execution
2024-10-04 12:36:14 [info]: Last Price: 103.81, Previous Price: 106.08, Price Change: -2.14%
2024-10-04 12:36:14 [info]: Current Holdings: 0
2024-10-04 12:36:14 [info]: Bought 96 shares at price $103.81
2024-10-04 12:36:14 [info]: Trading executed successfully
2024-10-04 12:36:37 [info]: Generating profit/loss report
2024-10-04 12:36:37 [info]: Profit/loss report generated successfully
2024-10-04 12:38:33 [info]: Generating profit/loss report
2024-10-04 12:38:33 [info]: Profit/loss report generated successfully
2024-10-04 12:39:03 [info]: Starting trade execution
2024-10-04 12:39:03 [info]: Last Price: 104.05, Previous Price: 105.18, Price Change: -1.07%
2024-10-04 12:39:03 [info]: Current Holdings: 96
2024-10-04 12:39:03 [info]: Trading executed successfully
2024-10-04 12:39:33 [info]: Starting trade execution
2024-10-04 12:39:33 [info]: Last Price: 115.41, Previous Price: 114.2, Price Change: 1.06%
2024-10-04 12:39:33 [info]: Current Holdings: 96
2024-10-04 12:39:33 [info]: Trading executed successfully
2024-10-04 12:39:59 [info]: Starting trade execution
2024-10-04 12:39:59 [info]: Last Price: 106.38, Previous Price: 101.95, Price Change: 4.35%
2024-10-04 12:39:59 [info]: Current Holdings: 96
2024-10-04 12:39:59 [info]: Sold 96 shares at price $106.38
2024-10-04 12:39:59 [info]: Trading executed successfully
2024-10-04 12:40:29 [info]: Generating profit/loss report
2024-10-04 12:40:29 [info]: Profit/loss report generated successfully
2024-10-04 12:45:49 [info]: Trading bot running on port 6001
2024-10-04 12:45:52 [info]: Trading bot running on port 6001
2024-10-04 12:46:55 [info]: Trading bot running on port 6001
